2024-09-10 18:34:08,499 - NutriAI - INFO - Starting the process
2024-09-10 18:34:08,513 - NutriAI - INFO - Initializing NutriAI application
2024-09-10 18:34:08,515 - NutriAI - INFO - Configuring Streamlit page for NutriAI app
2024-09-10 18:34:08,522 - NutriAI - INFO - Starting NutriAI application
2024-09-10 18:34:08,616 - NutriAI - INFO - Started Article page
2024-09-10 18:34:12,494 - NutriAI - INFO - Starting the process
2024-09-10 18:34:12,501 - NutriAI - INFO - Initializing NutriAI application
2024-09-10 18:34:12,508 - NutriAI - INFO - Configuring Streamlit page for NutriAI app
2024-09-10 18:34:12,514 - NutriAI - INFO - Starting NutriAI application
2024-09-10 18:34:12,644 - NutriAI - INFO - Started Article page
2024-09-10 18:34:12,731 - NutriAI - INFO - Starting the process
2024-09-10 18:34:12,734 - NutriAI - INFO - Initializing NutriAI application
2024-09-10 18:34:12,736 - NutriAI - INFO - Configuring Streamlit page for NutriAI app
2024-09-10 18:34:12,739 - NutriAI - INFO - Starting NutriAI application
2024-09-10 18:34:12,832 - NutriAI - INFO - Started Article page
2024-09-10 18:34:13,975 - NutriAI - INFO - Starting the process
2024-09-10 18:34:13,981 - NutriAI - INFO - Initializing NutriAI application
2024-09-10 18:34:13,987 - NutriAI - INFO - Configuring Streamlit page for NutriAI app
2024-09-10 18:34:13,993 - NutriAI - INFO - Starting NutriAI application
2024-09-10 18:34:14,103 - NutriAI - INFO - Started Article page
2024-09-10 18:34:37,917 - NutriAI - INFO - Starting the process
2024-09-10 18:34:37,930 - NutriAI - INFO - Initializing NutriAI application
2024-09-10 18:34:37,932 - NutriAI - INFO - Configuring Streamlit page for NutriAI app
2024-09-10 18:34:37,938 - NutriAI - INFO - Starting NutriAI application
2024-09-10 18:34:38,162 - NutriAI - INFO - Started Article page
2024-09-10 18:34:42,493 - NutriAI - INFO - Starting the process
2024-09-10 18:34:42,501 - NutriAI - INFO - Initializing NutriAI application
2024-09-10 18:34:42,505 - NutriAI - INFO - Configuring Streamlit page for NutriAI app
2024-09-10 18:34:42,513 - NutriAI - INFO - Starting NutriAI application
2024-09-10 18:34:42,614 - NutriAI - INFO - Started Article page
2024-09-10 18:34:42,698 - NutriAI - INFO - Starting the process
2024-09-10 18:34:42,702 - NutriAI - INFO - Initializing NutriAI application
2024-09-10 18:34:42,704 - NutriAI - INFO - Configuring Streamlit page for NutriAI app
2024-09-10 18:34:42,707 - NutriAI - INFO - Starting NutriAI application
2024-09-10 18:34:42,799 - NutriAI - INFO - Started Article page
2024-09-10 18:35:52,009 - NutriAI - INFO - Starting the process
2024-09-10 18:35:52,023 - NutriAI - INFO - Initializing NutriAI application
2024-09-10 18:35:52,028 - NutriAI - INFO - Configuring Streamlit page for NutriAI app
2024-09-10 18:35:52,035 - NutriAI - INFO - Starting NutriAI application
2024-09-10 18:35:52,213 - NutriAI - INFO - Started Article page
2024-09-10 18:35:53,521 - NutriAI - INFO - Starting the process
2024-09-10 18:35:53,528 - NutriAI - INFO - Initializing NutriAI application
2024-09-10 18:35:53,534 - NutriAI - INFO - Configuring Streamlit page for NutriAI app
2024-09-10 18:35:53,540 - NutriAI - INFO - Starting NutriAI application
2024-09-10 18:35:53,632 - NutriAI - INFO - Started Article page
2024-09-10 18:35:56,421 - NutriAI - INFO - Starting the process
2024-09-10 18:35:56,427 - NutriAI - INFO - Initializing NutriAI application
2024-09-10 18:35:56,432 - NutriAI - INFO - Configuring Streamlit page for NutriAI app
2024-09-10 18:35:56,435 - NutriAI - INFO - Starting NutriAI application
2024-09-10 18:35:56,527 - NutriAI - INFO - Started Article page
2024-09-10 18:35:57,290 - NutriAI - INFO - Starting the process
2024-09-10 18:35:57,296 - NutriAI - INFO - Initializing NutriAI application
2024-09-10 18:35:57,301 - NutriAI - INFO - Configuring Streamlit page for NutriAI app
2024-09-10 18:35:57,308 - NutriAI - INFO - Starting NutriAI application
2024-09-10 18:35:57,399 - NutriAI - INFO - Started Article page
2024-09-10 18:36:02,288 - NutriAI - INFO - Starting the process
2024-09-10 18:36:02,295 - NutriAI - INFO - Initializing NutriAI application
2024-09-10 18:36:02,299 - NutriAI - INFO - Configuring Streamlit page for NutriAI app
2024-09-10 18:36:02,302 - NutriAI - INFO - Starting NutriAI application
2024-09-10 18:36:02,393 - NutriAI - INFO - Started Article page
2024-09-10 18:36:03,304 - NutriAI - INFO - Starting the process
2024-09-10 18:36:03,310 - NutriAI - INFO - Initializing NutriAI application
2024-09-10 18:36:03,314 - NutriAI - INFO - Configuring Streamlit page for NutriAI app
2024-09-10 18:36:03,319 - NutriAI - INFO - Starting NutriAI application
2024-09-10 18:36:03,409 - NutriAI - INFO - Started Article page
2024-09-10 18:36:05,909 - NutriAI - INFO - Starting the process
2024-09-10 18:36:05,917 - NutriAI - INFO - Initializing NutriAI application
2024-09-10 18:36:05,927 - NutriAI - INFO - Configuring Streamlit page for NutriAI app
2024-09-10 18:36:05,931 - NutriAI - INFO - Starting NutriAI application
2024-09-10 18:36:06,024 - NutriAI - INFO - Started Article page
2024-09-10 18:38:52,325 - NutriAI - INFO - Starting the process
2024-09-10 18:38:52,354 - NutriAI - INFO - Initializing NutriAI application
2024-09-10 18:38:52,386 - NutriAI - INFO - Configuring Streamlit page for NutriAI app
2024-09-10 18:38:52,413 - NutriAI - INFO - Starting NutriAI application
2024-09-10 18:38:52,710 - NutriAI - INFO - Started Home page
2024-09-10 18:38:55,010 - NutriAI - INFO - Starting the process
2024-09-10 18:38:55,036 - NutriAI - INFO - Initializing NutriAI application
2024-09-10 18:38:55,044 - NutriAI - INFO - Configuring Streamlit page for NutriAI app
2024-09-10 18:38:55,049 - NutriAI - INFO - Starting NutriAI application
2024-09-10 18:38:55,165 - NutriAI - INFO - Started Article page
2024-09-10 18:39:01,322 - NutriAI - INFO - Starting the process
2024-09-10 18:39:01,335 - NutriAI - INFO - Initializing NutriAI application
2024-09-10 18:39:01,338 - NutriAI - INFO - Configuring Streamlit page for NutriAI app
2024-09-10 18:39:01,341 - NutriAI - INFO - Starting NutriAI application
2024-09-10 18:39:01,444 - NutriAI - INFO - Started Article page
2024-09-10 18:39:12,971 - NutriAI - INFO - Starting the process
2024-09-10 18:39:12,987 - NutriAI - INFO - Initializing NutriAI application
2024-09-10 18:39:12,991 - NutriAI - INFO - Configuring Streamlit page for NutriAI app
2024-09-10 18:39:12,995 - NutriAI - INFO - Starting NutriAI application
2024-09-10 18:39:13,095 - NutriAI - INFO - Started Article page
2024-09-10 18:39:24,889 - NutriAI - INFO - Starting the process
2024-09-10 18:39:24,907 - NutriAI - INFO - Initializing NutriAI application
2024-09-10 18:39:24,911 - NutriAI - INFO - Configuring Streamlit page for NutriAI app
2024-09-10 18:39:24,914 - NutriAI - INFO - Starting NutriAI application
2024-09-10 18:39:25,011 - NutriAI - INFO - Started Article page
2024-09-10 18:39:30,921 - NutriAI - INFO - Starting the process
2024-09-10 18:39:30,926 - NutriAI - INFO - Initializing NutriAI application
2024-09-10 18:39:30,929 - NutriAI - INFO - Configuring Streamlit page for NutriAI app
2024-09-10 18:39:30,934 - NutriAI - INFO - Starting NutriAI application
2024-09-10 18:39:31,026 - NutriAI - INFO - Started Article page
2024-09-10 18:39:33,361 - NutriAI - INFO - Starting the process
2024-09-10 18:39:33,372 - NutriAI - INFO - Initializing NutriAI application
2024-09-10 18:39:33,379 - NutriAI - INFO - Configuring Streamlit page for NutriAI app
2024-09-10 18:39:33,386 - NutriAI - INFO - Starting NutriAI application
2024-09-10 18:39:33,479 - NutriAI - INFO - Started Article page
2024-09-10 18:39:53,840 - NutriAI - INFO - Starting the process
2024-09-10 18:39:53,991 - NutriAI - INFO - Initializing NutriAI application
2024-09-10 18:39:54,000 - NutriAI - INFO - Configuring Streamlit page for NutriAI app
2024-09-10 18:39:54,008 - NutriAI - INFO - Starting NutriAI application
2024-09-10 18:39:54,295 - NutriAI - INFO - Started Article page
2024-09-10 18:41:34,198 - NutriAI - INFO - Starting the process
2024-09-10 18:41:34,221 - NutriAI - INFO - Initializing NutriAI application
2024-09-10 18:41:34,223 - NutriAI - INFO - Configuring Streamlit page for NutriAI app
2024-09-10 18:41:34,228 - NutriAI - INFO - Starting NutriAI application
2024-09-10 18:41:34,377 - NutriAI - INFO - Started Article page
2024-09-10 18:41:35,855 - NutriAI - INFO - Starting the process
2024-09-10 18:41:35,861 - NutriAI - INFO - Initializing NutriAI application
2024-09-10 18:41:35,865 - NutriAI - INFO - Configuring Streamlit page for NutriAI app
2024-09-10 18:41:35,869 - NutriAI - INFO - Starting NutriAI application
2024-09-10 18:41:35,965 - NutriAI - INFO - Started Article page
2024-09-10 18:41:41,305 - NutriAI - INFO - Starting the process
2024-09-10 18:41:41,312 - NutriAI - INFO - Initializing NutriAI application
2024-09-10 18:41:41,316 - NutriAI - INFO - Configuring Streamlit page for NutriAI app
2024-09-10 18:41:41,320 - NutriAI - INFO - Starting NutriAI application
2024-09-10 18:41:41,412 - NutriAI - INFO - Started Article page
2024-09-10 18:41:48,371 - NutriAI - INFO - Starting the process
2024-09-10 18:41:48,387 - NutriAI - INFO - Initializing NutriAI application
2024-09-10 18:41:48,389 - NutriAI - INFO - Configuring Streamlit page for NutriAI app
2024-09-10 18:41:48,392 - NutriAI - INFO - Starting NutriAI application
2024-09-10 18:41:48,486 - NutriAI - INFO - Started Article page
2024-09-10 18:41:51,073 - NutriAI - INFO - Starting the process
2024-09-10 18:41:51,080 - NutriAI - INFO - Initializing NutriAI application
2024-09-10 18:41:51,085 - NutriAI - INFO - Configuring Streamlit page for NutriAI app
2024-09-10 18:41:51,089 - NutriAI - INFO - Starting NutriAI application
2024-09-10 18:41:51,203 - NutriAI - INFO - Started Article page
2024-09-10 18:41:54,372 - NutriAI - INFO - Starting the process
2024-09-10 18:41:54,378 - NutriAI - INFO - Initializing NutriAI application
2024-09-10 18:41:54,382 - NutriAI - INFO - Configuring Streamlit page for NutriAI app
2024-09-10 18:41:54,385 - NutriAI - INFO - Starting NutriAI application
2024-09-10 18:41:54,478 - NutriAI - INFO - Started Article page
2024-09-10 18:41:58,493 - NutriAI - INFO - Starting the process
2024-09-10 18:41:58,502 - NutriAI - INFO - Initializing NutriAI application
2024-09-10 18:41:58,507 - NutriAI - INFO - Configuring Streamlit page for NutriAI app
2024-09-10 18:41:58,510 - NutriAI - INFO - Starting NutriAI application
2024-09-10 18:41:58,599 - NutriAI - INFO - Started Home page
2024-09-10 18:42:04,089 - NutriAI - INFO - Starting the process
2024-09-10 18:42:04,095 - NutriAI - INFO - Initializing NutriAI application
2024-09-10 18:42:04,101 - NutriAI - INFO - Configuring Streamlit page for NutriAI app
2024-09-10 18:42:04,105 - NutriAI - INFO - Starting NutriAI application
2024-09-10 18:42:06,824 - NutriAI - INFO - Starting the process
2024-09-10 18:42:06,834 - NutriAI - INFO - Initializing NutriAI application
2024-09-10 18:42:06,839 - NutriAI - INFO - Configuring Streamlit page for NutriAI app
2024-09-10 18:42:06,844 - NutriAI - INFO - Starting NutriAI application
2024-09-10 18:42:15,094 - NutriAI - INFO - Starting the process
2024-09-10 18:42:15,110 - NutriAI - INFO - Initializing NutriAI application
2024-09-10 18:42:15,112 - NutriAI - INFO - Configuring Streamlit page for NutriAI app
2024-09-10 18:42:15,114 - NutriAI - INFO - Starting NutriAI application
2024-09-10 18:42:15,209 - NutriAI - INFO - NutriAI chatbot page started
2024-09-10 18:42:15,212 - NutriAI - INFO - Initializing NutriAIBot
2024-09-10 18:42:15,214 - NutriAI - INFO - Initializing Together AI handler
2024-09-10 18:42:17,290 - NutriAI - INFO - Starting the process
2024-09-10 18:42:17,296 - NutriAI - INFO - Initializing NutriAI application
2024-09-10 18:42:17,304 - NutriAI - INFO - Configuring Streamlit page for NutriAI app
2024-09-10 18:42:17,309 - NutriAI - INFO - Starting NutriAI application
2024-09-10 18:42:17,404 - NutriAI - INFO - Started About Us Page
2024-09-10 18:42:24,242 - NutriAI - INFO - Starting the process
2024-09-10 18:42:24,257 - NutriAI - INFO - Initializing NutriAI application
2024-09-10 18:42:24,260 - NutriAI - INFO - Configuring Streamlit page for NutriAI app
2024-09-10 18:42:24,262 - NutriAI - INFO - Starting NutriAI application
2024-09-10 18:42:24,471 - NutriAI - INFO - Starting the process
2024-09-10 18:42:24,478 - NutriAI - INFO - Initializing NutriAI application
2024-09-10 18:42:24,481 - NutriAI - INFO - Configuring Streamlit page for NutriAI app
2024-09-10 18:42:24,484 - NutriAI - INFO - Starting NutriAI application
