2024-09-10 22:26:25,449 - NutriAI - INFO - Starting the process
2024-09-10 22:26:25,454 - NutriAI - INFO - Initializing NutriAI application
2024-09-10 22:26:25,455 - NutriAI - INFO - Configuring Streamlit page for NutriAI app
2024-09-10 22:26:25,486 - NutriAI - INFO - Starting NutriAI application
2024-09-10 22:26:25,616 - NutriAI - INFO - Started About Us Page
2024-09-10 22:26:34,824 - NutriAI - INFO - Starting the process
2024-09-10 22:26:34,826 - NutriAI - INFO - Initializing NutriAI application
2024-09-10 22:26:34,827 - NutriAI - INFO - Configuring Streamlit page for NutriAI app
2024-09-10 22:26:34,828 - NutriAI - INFO - Starting NutriAI application
2024-09-10 22:26:34,924 - NutriAI - INFO - Started About Us Page
2024-09-10 22:26:49,762 - NutriAI - INFO - Starting the process
2024-09-10 22:26:49,767 - NutriAI - INFO - Initializing NutriAI application
2024-09-10 22:26:49,769 - NutriAI - INFO - Configuring Streamlit page for NutriAI app
2024-09-10 22:26:49,773 - NutriAI - INFO - Starting NutriAI application
2024-09-10 22:26:49,874 - NutriAI - INFO - Started About Us Page
2024-09-10 22:26:56,518 - NutriAI - INFO - Starting the process
2024-09-10 22:26:56,523 - NutriAI - INFO - Initializing NutriAI application
2024-09-10 22:26:56,524 - NutriAI - INFO - Configuring Streamlit page for NutriAI app
2024-09-10 22:26:56,527 - NutriAI - INFO - Starting NutriAI application
2024-09-10 22:26:56,636 - NutriAI - INFO - NutriAI chatbot page started
2024-09-10 22:26:56,638 - NutriAI - INFO - Initializing NutriAIBot
2024-09-10 22:26:56,638 - NutriAI - INFO - Initializing Together AI handler
2024-09-10 22:27:15,496 - NutriAI - INFO - Starting the process
2024-09-10 22:27:15,505 - NutriAI - INFO - Initializing NutriAI application
2024-09-10 22:27:15,506 - NutriAI - INFO - Configuring Streamlit page for NutriAI app
2024-09-10 22:27:15,512 - NutriAI - INFO - Starting NutriAI application
2024-09-10 22:27:15,673 - NutriAI - INFO - Started Home page
2024-09-10 22:27:19,597 - NutriAI - INFO - Starting the process
2024-09-10 22:27:19,599 - NutriAI - INFO - Initializing NutriAI application
2024-09-10 22:27:19,600 - NutriAI - INFO - Configuring Streamlit page for NutriAI app
2024-09-10 22:27:19,602 - NutriAI - INFO - Starting NutriAI application
2024-09-10 22:27:19,707 - NutriAI - INFO - NutriAI chatbot page started
2024-09-10 22:27:19,709 - NutriAI - INFO - Initializing NutriAIBot
2024-09-10 22:27:19,709 - NutriAI - INFO - Initializing Together AI handler
2024-09-10 22:27:22,503 - NutriAI - INFO - Starting the process
2024-09-10 22:27:22,506 - NutriAI - INFO - Initializing NutriAI application
2024-09-10 22:27:22,507 - NutriAI - INFO - Configuring Streamlit page for NutriAI app
2024-09-10 22:27:22,508 - NutriAI - INFO - Starting NutriAI application
2024-09-10 22:27:22,608 - NutriAI - INFO - Started Recipe generation page
2024-09-10 22:27:25,330 - NutriAI - INFO - Starting the process
2024-09-10 22:27:25,337 - NutriAI - INFO - Initializing NutriAI application
2024-09-10 22:27:25,338 - NutriAI - INFO - Configuring Streamlit page for NutriAI app
2024-09-10 22:27:25,340 - NutriAI - INFO - Starting NutriAI application
2024-09-10 22:27:27,797 - NutriAI - INFO - Starting the process
2024-09-10 22:27:27,800 - NutriAI - INFO - Initializing NutriAI application
2024-09-10 22:27:27,801 - NutriAI - INFO - Configuring Streamlit page for NutriAI app
2024-09-10 22:27:27,802 - NutriAI - INFO - Starting NutriAI application
2024-09-10 22:27:27,895 - NutriAI - INFO - NutriAI chatbot page started
