2024-09-10 18:16:07,109 - NutriAI - INFO - Starting the process
2024-09-10 18:16:07,118 - NutriAI - INFO - Initializing NutriAI application
2024-09-10 18:16:07,122 - NutriAI - INFO - Configuring Streamlit page for NutriAI app
2024-09-10 18:16:07,124 - NutriAI - INFO - Starting NutriAI application
2024-09-10 18:16:11,682 - NutriAI - INFO - Starting the process
2024-09-10 18:16:11,710 - NutriAI - INFO - Initializing NutriAI application
2024-09-10 18:16:11,713 - NutriAI - INFO - Configuring Streamlit page for NutriAI app
2024-09-10 18:16:11,717 - NutriAI - INFO - Starting NutriAI application
2024-09-10 18:16:16,205 - NutriAI - INFO - Starting the process
2024-09-10 18:16:16,214 - NutriAI - INFO - Initializing NutriAI application
2024-09-10 18:16:16,217 - NutriAI - INFO - Configuring Streamlit page for NutriAI app
2024-09-10 18:16:16,219 - NutriAI - INFO - Starting NutriAI application
2024-09-10 18:16:46,439 - NutriAI - INFO - Starting the process
2024-09-10 18:16:46,447 - NutriAI - INFO - Initializing NutriAI application
2024-09-10 18:16:46,449 - NutriAI - INFO - Configuring Streamlit page for NutriAI app
2024-09-10 18:16:46,451 - NutriAI - INFO - Starting NutriAI application
2024-09-10 18:16:53,308 - NutriAI - INFO - Starting the process
2024-09-10 18:16:53,313 - NutriAI - INFO - Initializing NutriAI application
2024-09-10 18:16:53,318 - NutriAI - INFO - Configuring Streamlit page for NutriAI app
2024-09-10 18:16:53,324 - NutriAI - INFO - Starting NutriAI application
2024-09-10 18:16:55,621 - NutriAI - INFO - Starting the process
2024-09-10 18:16:55,633 - NutriAI - INFO - Initializing NutriAI application
2024-09-10 18:16:55,637 - NutriAI - INFO - Configuring Streamlit page for NutriAI app
2024-09-10 18:16:55,640 - NutriAI - INFO - Starting NutriAI application
2024-09-10 18:16:55,729 - NutriAI - INFO - Started Recipe generation page
2024-09-10 18:16:56,942 - NutriAI - INFO - Starting the process
2024-09-10 18:16:56,947 - NutriAI - INFO - Initializing NutriAI application
2024-09-10 18:16:56,952 - NutriAI - INFO - Configuring Streamlit page for NutriAI app
2024-09-10 18:16:56,960 - NutriAI - INFO - Starting NutriAI application
2024-09-10 18:16:57,053 - NutriAI - INFO - Started Meal plan page
2024-09-10 18:17:02,889 - NutriAI - INFO - Starting the process
2024-09-10 18:17:02,894 - NutriAI - INFO - Initializing NutriAI application
2024-09-10 18:17:02,899 - NutriAI - INFO - Configuring Streamlit page for NutriAI app
2024-09-10 18:17:02,903 - NutriAI - INFO - Starting NutriAI application
2024-09-10 18:17:02,994 - NutriAI - INFO - Started Home page
2024-09-10 18:17:05,627 - NutriAI - INFO - Starting the process
2024-09-10 18:17:05,641 - NutriAI - INFO - Initializing NutriAI application
2024-09-10 18:17:05,649 - NutriAI - INFO - Configuring Streamlit page for NutriAI app
2024-09-10 18:17:05,652 - NutriAI - INFO - Starting NutriAI application
2024-09-10 18:17:08,321 - NutriAI - INFO - Starting the process
2024-09-10 18:17:08,326 - NutriAI - INFO - Initializing NutriAI application
2024-09-10 18:17:08,329 - NutriAI - INFO - Configuring Streamlit page for NutriAI app
2024-09-10 18:17:08,332 - NutriAI - INFO - Starting NutriAI application
2024-09-10 18:17:08,425 - NutriAI - INFO - Started Article page
2024-09-10 18:17:12,160 - NutriAI - INFO - Starting the process
2024-09-10 18:17:12,165 - NutriAI - INFO - Initializing NutriAI application
2024-09-10 18:17:12,170 - NutriAI - INFO - Configuring Streamlit page for NutriAI app
2024-09-10 18:17:12,178 - NutriAI - INFO - Starting NutriAI application
2024-09-10 18:17:12,273 - NutriAI - INFO - Started Home page
2024-09-10 18:17:13,720 - NutriAI - INFO - Starting the process
2024-09-10 18:17:13,729 - NutriAI - INFO - Initializing NutriAI application
2024-09-10 18:17:13,731 - NutriAI - INFO - Configuring Streamlit page for NutriAI app
2024-09-10 18:17:13,734 - NutriAI - INFO - Starting NutriAI application
2024-09-10 18:17:15,997 - NutriAI - INFO - Starting the process
2024-09-10 18:17:16,007 - NutriAI - INFO - Initializing NutriAI application
2024-09-10 18:17:16,014 - NutriAI - INFO - Configuring Streamlit page for NutriAI app
2024-09-10 18:17:16,018 - NutriAI - INFO - Starting NutriAI application
2024-09-10 18:17:16,113 - NutriAI - INFO - Started Meal plan page
2024-09-10 18:20:53,756 - NutriAI - INFO - Starting the process
2024-09-10 18:20:53,903 - NutriAI - INFO - Initializing NutriAI application
2024-09-10 18:20:53,913 - NutriAI - INFO - Configuring Streamlit page for NutriAI app
2024-09-10 18:20:53,956 - NutriAI - INFO - Starting NutriAI application
2024-09-10 18:20:54,251 - NutriAI - INFO - Started Meal plan page
2024-09-10 18:20:56,259 - NutriAI - INFO - Starting the process
2024-09-10 18:20:56,264 - NutriAI - INFO - Initializing NutriAI application
2024-09-10 18:20:56,268 - NutriAI - INFO - Configuring Streamlit page for NutriAI app
2024-09-10 18:20:56,271 - NutriAI - INFO - Starting NutriAI application
2024-09-10 18:20:56,364 - NutriAI - INFO - Started Article page
2024-09-10 18:21:01,270 - NutriAI - INFO - Starting the process
2024-09-10 18:21:01,281 - NutriAI - INFO - Initializing NutriAI application
2024-09-10 18:21:01,286 - NutriAI - INFO - Configuring Streamlit page for NutriAI app
2024-09-10 18:21:01,291 - NutriAI - INFO - Starting NutriAI application
2024-09-10 18:21:01,399 - NutriAI - INFO - Started Article page
2024-09-10 18:21:04,620 - NutriAI - INFO - Starting the process
2024-09-10 18:21:04,631 - NutriAI - INFO - Initializing NutriAI application
2024-09-10 18:21:04,633 - NutriAI - INFO - Configuring Streamlit page for NutriAI app
2024-09-10 18:21:04,636 - NutriAI - INFO - Starting NutriAI application
2024-09-10 18:21:04,747 - NutriAI - INFO - Started Article page
2024-09-10 18:21:06,295 - NutriAI - INFO - Starting the process
2024-09-10 18:21:06,300 - NutriAI - INFO - Initializing NutriAI application
2024-09-10 18:21:06,306 - NutriAI - INFO - Configuring Streamlit page for NutriAI app
2024-09-10 18:21:06,312 - NutriAI - INFO - Starting NutriAI application
2024-09-10 18:21:06,403 - NutriAI - INFO - Started Article page
2024-09-10 18:21:13,143 - NutriAI - INFO - Starting the process
2024-09-10 18:21:13,157 - NutriAI - INFO - Initializing NutriAI application
2024-09-10 18:21:13,160 - NutriAI - INFO - Configuring Streamlit page for NutriAI app
2024-09-10 18:21:13,167 - NutriAI - INFO - Starting NutriAI application
2024-09-10 18:21:13,262 - NutriAI - INFO - Started Article page
2024-09-10 18:21:15,211 - NutriAI - INFO - Starting the process
2024-09-10 18:21:15,217 - NutriAI - INFO - Initializing NutriAI application
2024-09-10 18:21:15,220 - NutriAI - INFO - Configuring Streamlit page for NutriAI app
2024-09-10 18:21:15,224 - NutriAI - INFO - Starting NutriAI application
2024-09-10 18:21:15,339 - NutriAI - INFO - Started Article page
2024-09-10 18:21:23,021 - NutriAI - INFO - Starting the process
2024-09-10 18:21:23,038 - NutriAI - INFO - Initializing NutriAI application
2024-09-10 18:21:23,041 - NutriAI - INFO - Configuring Streamlit page for NutriAI app
2024-09-10 18:21:23,043 - NutriAI - INFO - Starting NutriAI application
2024-09-10 18:21:23,134 - NutriAI - INFO - Started Article page
2024-09-10 18:22:32,287 - NutriAI - INFO - Starting the process
2024-09-10 18:22:32,302 - NutriAI - INFO - Initializing NutriAI application
2024-09-10 18:22:32,306 - NutriAI - INFO - Configuring Streamlit page for NutriAI app
2024-09-10 18:22:32,322 - NutriAI - INFO - Starting NutriAI application
2024-09-10 18:22:32,510 - NutriAI - INFO - Started Article page
2024-09-10 18:22:33,740 - NutriAI - INFO - Starting the process
2024-09-10 18:22:33,746 - NutriAI - INFO - Initializing NutriAI application
2024-09-10 18:22:33,750 - NutriAI - INFO - Configuring Streamlit page for NutriAI app
2024-09-10 18:22:33,758 - NutriAI - INFO - Starting NutriAI application
2024-09-10 18:22:33,851 - NutriAI - INFO - Started Article page
2024-09-10 18:23:23,210 - NutriAI - INFO - Starting the process
2024-09-10 18:23:23,224 - NutriAI - INFO - Initializing NutriAI application
2024-09-10 18:23:23,227 - NutriAI - INFO - Configuring Streamlit page for NutriAI app
2024-09-10 18:23:23,231 - NutriAI - INFO - Starting NutriAI application
2024-09-10 18:23:23,398 - NutriAI - INFO - Started Article page
2024-09-10 18:23:25,391 - NutriAI - INFO - Starting the process
2024-09-10 18:23:25,398 - NutriAI - INFO - Initializing NutriAI application
2024-09-10 18:23:25,401 - NutriAI - INFO - Configuring Streamlit page for NutriAI app
2024-09-10 18:23:25,406 - NutriAI - INFO - Starting NutriAI application
2024-09-10 18:23:25,532 - NutriAI - INFO - Started Article page
2024-09-10 18:24:04,857 - NutriAI - INFO - Starting the process
2024-09-10 18:24:04,870 - NutriAI - INFO - Initializing NutriAI application
2024-09-10 18:24:04,871 - NutriAI - INFO - Configuring Streamlit page for NutriAI app
2024-09-10 18:24:04,874 - NutriAI - INFO - Starting NutriAI application
2024-09-10 18:24:05,110 - NutriAI - INFO - Started Article page
2024-09-10 18:24:06,387 - NutriAI - INFO - Starting the process
2024-09-10 18:24:06,392 - NutriAI - INFO - Initializing NutriAI application
2024-09-10 18:24:06,400 - NutriAI - INFO - Configuring Streamlit page for NutriAI app
2024-09-10 18:24:06,405 - NutriAI - INFO - Starting NutriAI application
2024-09-10 18:24:06,495 - NutriAI - INFO - Started Article page
2024-09-10 18:24:14,988 - NutriAI - INFO - Starting the process
2024-09-10 18:24:14,993 - NutriAI - INFO - Initializing NutriAI application
2024-09-10 18:24:14,997 - NutriAI - INFO - Configuring Streamlit page for NutriAI app
2024-09-10 18:24:15,000 - NutriAI - INFO - Starting NutriAI application
2024-09-10 18:24:15,095 - NutriAI - INFO - Started Article page
2024-09-10 18:24:16,370 - NutriAI - INFO - Starting the process
2024-09-10 18:24:16,380 - NutriAI - INFO - Initializing NutriAI application
2024-09-10 18:24:16,383 - NutriAI - INFO - Configuring Streamlit page for NutriAI app
2024-09-10 18:24:16,389 - NutriAI - INFO - Starting NutriAI application
2024-09-10 18:24:16,502 - NutriAI - INFO - Started Article page
2024-09-10 18:27:06,798 - NutriAI - INFO - Starting the process
2024-09-10 18:27:06,815 - NutriAI - INFO - Initializing NutriAI application
2024-09-10 18:27:06,816 - NutriAI - INFO - Configuring Streamlit page for NutriAI app
2024-09-10 18:27:06,818 - NutriAI - INFO - Starting NutriAI application
2024-09-10 18:27:06,945 - NutriAI - INFO - Started Article page
2024-09-10 18:27:08,842 - NutriAI - INFO - Starting the process
2024-09-10 18:27:08,860 - NutriAI - INFO - Initializing NutriAI application
2024-09-10 18:27:08,865 - NutriAI - INFO - Configuring Streamlit page for NutriAI app
2024-09-10 18:27:08,872 - NutriAI - INFO - Starting NutriAI application
2024-09-10 18:27:09,021 - NutriAI - INFO - Started Article page
2024-09-10 18:27:13,476 - NutriAI - INFO - Starting the process
2024-09-10 18:27:13,483 - NutriAI - INFO - Initializing NutriAI application
2024-09-10 18:27:13,488 - NutriAI - INFO - Configuring Streamlit page for NutriAI app
2024-09-10 18:27:13,495 - NutriAI - INFO - Starting NutriAI application
2024-09-10 18:27:13,588 - NutriAI - INFO - Started Article page
2024-09-10 18:27:15,554 - NutriAI - INFO - Starting the process
2024-09-10 18:27:15,565 - NutriAI - INFO - Initializing NutriAI application
2024-09-10 18:27:15,568 - NutriAI - INFO - Configuring Streamlit page for NutriAI app
2024-09-10 18:27:15,574 - NutriAI - INFO - Starting NutriAI application
2024-09-10 18:27:15,667 - NutriAI - INFO - Started Article page
2024-09-10 18:27:18,321 - NutriAI - INFO - Starting the process
2024-09-10 18:27:18,327 - NutriAI - INFO - Initializing NutriAI application
2024-09-10 18:27:18,330 - NutriAI - INFO - Configuring Streamlit page for NutriAI app
2024-09-10 18:27:18,333 - NutriAI - INFO - Starting NutriAI application
2024-09-10 18:27:18,426 - NutriAI - INFO - Started Article page
2024-09-10 18:28:29,500 - NutriAI - INFO - Starting the process
2024-09-10 18:28:29,516 - NutriAI - INFO - Initializing NutriAI application
2024-09-10 18:28:29,526 - NutriAI - INFO - Configuring Streamlit page for NutriAI app
2024-09-10 18:28:29,538 - NutriAI - INFO - Starting NutriAI application
2024-09-10 18:28:29,686 - NutriAI - INFO - Started Article page
2024-09-10 18:28:31,405 - NutriAI - INFO - Starting the process
2024-09-10 18:28:31,411 - NutriAI - INFO - Initializing NutriAI application
2024-09-10 18:28:31,417 - NutriAI - INFO - Configuring Streamlit page for NutriAI app
2024-09-10 18:28:31,420 - NutriAI - INFO - Starting NutriAI application
2024-09-10 18:28:31,547 - NutriAI - INFO - Started Article page
2024-09-10 18:29:53,172 - NutriAI - INFO - Starting the process
2024-09-10 18:29:53,187 - NutriAI - INFO - Initializing NutriAI application
2024-09-10 18:29:53,191 - NutriAI - INFO - Configuring Streamlit page for NutriAI app
2024-09-10 18:29:53,195 - NutriAI - INFO - Starting NutriAI application
2024-09-10 18:29:53,296 - NutriAI - INFO - Started Article page
2024-09-10 18:29:56,544 - NutriAI - INFO - Starting the process
2024-09-10 18:29:56,558 - NutriAI - INFO - Initializing NutriAI application
2024-09-10 18:29:56,561 - NutriAI - INFO - Configuring Streamlit page for NutriAI app
2024-09-10 18:29:56,566 - NutriAI - INFO - Starting NutriAI application
2024-09-10 18:29:56,664 - NutriAI - INFO - Started Article page
2024-09-10 18:29:59,505 - NutriAI - INFO - Starting the process
2024-09-10 18:29:59,510 - NutriAI - INFO - Initializing NutriAI application
2024-09-10 18:29:59,514 - NutriAI - INFO - Configuring Streamlit page for NutriAI app
2024-09-10 18:29:59,517 - NutriAI - INFO - Starting NutriAI application
2024-09-10 18:29:59,608 - NutriAI - INFO - Started Article page
2024-09-10 18:30:01,237 - NutriAI - INFO - Starting the process
2024-09-10 18:30:01,245 - NutriAI - INFO - Initializing NutriAI application
2024-09-10 18:30:01,249 - NutriAI - INFO - Configuring Streamlit page for NutriAI app
2024-09-10 18:30:01,254 - NutriAI - INFO - Starting NutriAI application
2024-09-10 18:30:01,344 - NutriAI - INFO - Started Article page
2024-09-10 18:30:07,804 - NutriAI - INFO - Starting the process
2024-09-10 18:30:07,818 - NutriAI - INFO - Initializing NutriAI application
2024-09-10 18:30:07,821 - NutriAI - INFO - Configuring Streamlit page for NutriAI app
2024-09-10 18:30:07,831 - NutriAI - INFO - Starting NutriAI application
2024-09-10 18:30:07,923 - NutriAI - INFO - Started Article page
2024-09-10 18:30:11,248 - NutriAI - INFO - Starting the process
2024-09-10 18:30:11,260 - NutriAI - INFO - Initializing NutriAI application
2024-09-10 18:30:11,264 - NutriAI - INFO - Configuring Streamlit page for NutriAI app
2024-09-10 18:30:11,267 - NutriAI - INFO - Starting NutriAI application
2024-09-10 18:30:11,361 - NutriAI - INFO - Started Article page
2024-09-10 18:30:13,260 - NutriAI - INFO - Starting the process
2024-09-10 18:30:13,268 - NutriAI - INFO - Initializing NutriAI application
2024-09-10 18:30:13,273 - NutriAI - INFO - Configuring Streamlit page for NutriAI app
2024-09-10 18:30:13,279 - NutriAI - INFO - Starting NutriAI application
2024-09-10 18:30:13,376 - NutriAI - INFO - Started Article page
2024-09-10 18:30:22,065 - NutriAI - INFO - Starting the process
2024-09-10 18:30:22,078 - NutriAI - INFO - Initializing NutriAI application
2024-09-10 18:30:22,081 - NutriAI - INFO - Configuring Streamlit page for NutriAI app
2024-09-10 18:30:22,085 - NutriAI - INFO - Starting NutriAI application
2024-09-10 18:30:22,182 - NutriAI - INFO - Started Article page
2024-09-10 18:30:27,095 - NutriAI - INFO - Starting the process
2024-09-10 18:30:27,185 - NutriAI - INFO - Initializing NutriAI application
2024-09-10 18:30:27,193 - NutriAI - INFO - Configuring Streamlit page for NutriAI app
2024-09-10 18:30:27,202 - NutriAI - INFO - Starting NutriAI application
2024-09-10 18:30:27,316 - NutriAI - INFO - Started Article page
2024-09-10 18:31:00,145 - NutriAI - INFO - Starting the process
2024-09-10 18:31:00,165 - NutriAI - INFO - Initializing NutriAI application
2024-09-10 18:31:00,171 - NutriAI - INFO - Configuring Streamlit page for NutriAI app
2024-09-10 18:31:00,183 - NutriAI - INFO - Starting NutriAI application
2024-09-10 18:31:00,324 - NutriAI - INFO - Started Article page
2024-09-10 18:31:02,266 - NutriAI - INFO - Starting the process
2024-09-10 18:31:02,275 - NutriAI - INFO - Initializing NutriAI application
2024-09-10 18:31:02,280 - NutriAI - INFO - Configuring Streamlit page for NutriAI app
2024-09-10 18:31:02,284 - NutriAI - INFO - Starting NutriAI application
2024-09-10 18:31:02,409 - NutriAI - INFO - Started Article page
2024-09-10 18:31:02,495 - NutriAI - INFO - Starting the process
2024-09-10 18:31:02,499 - NutriAI - INFO - Initializing NutriAI application
2024-09-10 18:31:02,501 - NutriAI - INFO - Configuring Streamlit page for NutriAI app
2024-09-10 18:31:02,505 - NutriAI - INFO - Starting NutriAI application
2024-09-10 18:31:02,598 - NutriAI - INFO - Started Article page
2024-09-10 18:31:13,788 - NutriAI - INFO - Starting the process
2024-09-10 18:31:13,803 - NutriAI - INFO - Initializing NutriAI application
2024-09-10 18:31:13,806 - NutriAI - INFO - Configuring Streamlit page for NutriAI app
2024-09-10 18:31:13,809 - NutriAI - INFO - Starting NutriAI application
2024-09-10 18:31:13,906 - NutriAI - INFO - Started Article page
2024-09-10 18:31:14,061 - NutriAI - INFO - Starting the process
2024-09-10 18:31:14,064 - NutriAI - INFO - Initializing NutriAI application
2024-09-10 18:31:14,066 - NutriAI - INFO - Configuring Streamlit page for NutriAI app
2024-09-10 18:31:14,068 - NutriAI - INFO - Starting NutriAI application
2024-09-10 18:31:14,160 - NutriAI - INFO - Started Article page
2024-09-10 18:31:55,714 - NutriAI - INFO - Starting the process
2024-09-10 18:31:55,733 - NutriAI - INFO - Initializing NutriAI application
2024-09-10 18:31:55,739 - NutriAI - INFO - Configuring Streamlit page for NutriAI app
2024-09-10 18:31:55,754 - NutriAI - INFO - Starting NutriAI application
2024-09-10 18:31:55,863 - NutriAI - INFO - Started Article page
2024-09-10 18:31:59,324 - NutriAI - INFO - Starting the process
2024-09-10 18:31:59,333 - NutriAI - INFO - Initializing NutriAI application
2024-09-10 18:31:59,337 - NutriAI - INFO - Configuring Streamlit page for NutriAI app
2024-09-10 18:31:59,340 - NutriAI - INFO - Starting NutriAI application
2024-09-10 18:31:59,435 - NutriAI - INFO - Started Article page
2024-09-10 18:32:03,354 - NutriAI - INFO - Starting the process
2024-09-10 18:32:03,361 - NutriAI - INFO - Initializing NutriAI application
2024-09-10 18:32:03,367 - NutriAI - INFO - Configuring Streamlit page for NutriAI app
2024-09-10 18:32:03,370 - NutriAI - INFO - Starting NutriAI application
2024-09-10 18:32:03,484 - NutriAI - INFO - Started Article page
2024-09-10 18:32:07,185 - NutriAI - INFO - Starting the process
2024-09-10 18:32:07,196 - NutriAI - INFO - Initializing NutriAI application
2024-09-10 18:32:07,198 - NutriAI - INFO - Configuring Streamlit page for NutriAI app
2024-09-10 18:32:07,200 - NutriAI - INFO - Starting NutriAI application
2024-09-10 18:32:07,294 - NutriAI - INFO - Started Article page
2024-09-10 18:32:08,573 - NutriAI - INFO - Starting the process
2024-09-10 18:32:08,579 - NutriAI - INFO - Initializing NutriAI application
2024-09-10 18:32:08,584 - NutriAI - INFO - Configuring Streamlit page for NutriAI app
2024-09-10 18:32:08,590 - NutriAI - INFO - Starting NutriAI application
2024-09-10 18:32:08,686 - NutriAI - INFO - Started Article page
2024-09-10 18:32:14,854 - NutriAI - INFO - Starting the process
2024-09-10 18:32:14,860 - NutriAI - INFO - Initializing NutriAI application
2024-09-10 18:32:14,865 - NutriAI - INFO - Configuring Streamlit page for NutriAI app
2024-09-10 18:32:14,868 - NutriAI - INFO - Starting NutriAI application
2024-09-10 18:32:14,961 - NutriAI - INFO - Started Article page
2024-09-10 18:32:15,904 - NutriAI - INFO - Starting the process
2024-09-10 18:32:15,914 - NutriAI - INFO - Initializing NutriAI application
2024-09-10 18:32:15,918 - NutriAI - INFO - Configuring Streamlit page for NutriAI app
2024-09-10 18:32:15,925 - NutriAI - INFO - Starting NutriAI application
2024-09-10 18:32:16,018 - NutriAI - INFO - Started Article page
2024-09-10 18:32:18,338 - NutriAI - INFO - Starting the process
2024-09-10 18:32:18,344 - NutriAI - INFO - Initializing NutriAI application
2024-09-10 18:32:18,349 - NutriAI - INFO - Configuring Streamlit page for NutriAI app
2024-09-10 18:32:18,353 - NutriAI - INFO - Starting NutriAI application
2024-09-10 18:32:18,444 - NutriAI - INFO - Started Article page
2024-09-10 18:33:55,918 - NutriAI - INFO - Starting the process
2024-09-10 18:33:55,931 - NutriAI - INFO - Initializing NutriAI application
2024-09-10 18:33:55,933 - NutriAI - INFO - Configuring Streamlit page for NutriAI app
2024-09-10 18:33:55,937 - NutriAI - INFO - Starting NutriAI application
2024-09-10 18:33:56,176 - NutriAI - INFO - Started Article page
2024-09-10 18:33:58,256 - NutriAI - INFO - Starting the process
2024-09-10 18:33:58,263 - NutriAI - INFO - Initializing NutriAI application
2024-09-10 18:33:58,270 - NutriAI - INFO - Configuring Streamlit page for NutriAI app
2024-09-10 18:33:58,276 - NutriAI - INFO - Starting NutriAI application
2024-09-10 18:33:58,372 - NutriAI - INFO - Started Article page
2024-09-10 18:34:08,499 - NutriAI - INFO - Starting the process
2024-09-10 18:34:08,513 - NutriAI - INFO - Initializing NutriAI application
2024-09-10 18:34:08,515 - NutriAI - INFO - Configuring Streamlit page for NutriAI app
2024-09-10 18:34:08,522 - NutriAI - INFO - Starting NutriAI application
2024-09-10 18:34:08,616 - NutriAI - INFO - Started Article page
2024-09-10 18:34:12,494 - NutriAI - INFO - Starting the process
2024-09-10 18:34:12,501 - NutriAI - INFO - Initializing NutriAI application
2024-09-10 18:34:12,508 - NutriAI - INFO - Configuring Streamlit page for NutriAI app
2024-09-10 18:34:12,514 - NutriAI - INFO - Starting NutriAI application
2024-09-10 18:34:12,644 - NutriAI - INFO - Started Article page
2024-09-10 18:34:12,731 - NutriAI - INFO - Starting the process
2024-09-10 18:34:12,734 - NutriAI - INFO - Initializing NutriAI application
2024-09-10 18:34:12,736 - NutriAI - INFO - Configuring Streamlit page for NutriAI app
2024-09-10 18:34:12,739 - NutriAI - INFO - Starting NutriAI application
2024-09-10 18:34:12,832 - NutriAI - INFO - Started Article page
2024-09-10 18:34:13,975 - NutriAI - INFO - Starting the process
2024-09-10 18:34:13,981 - NutriAI - INFO - Initializing NutriAI application
2024-09-10 18:34:13,987 - NutriAI - INFO - Configuring Streamlit page for NutriAI app
2024-09-10 18:34:13,993 - NutriAI - INFO - Starting NutriAI application
2024-09-10 18:34:14,103 - NutriAI - INFO - Started Article page
2024-09-10 18:34:37,917 - NutriAI - INFO - Starting the process
2024-09-10 18:34:37,930 - NutriAI - INFO - Initializing NutriAI application
2024-09-10 18:34:37,932 - NutriAI - INFO - Configuring Streamlit page for NutriAI app
2024-09-10 18:34:37,938 - NutriAI - INFO - Starting NutriAI application
2024-09-10 18:34:38,162 - NutriAI - INFO - Started Article page
2024-09-10 18:34:42,493 - NutriAI - INFO - Starting the process
2024-09-10 18:34:42,501 - NutriAI - INFO - Initializing NutriAI application
2024-09-10 18:34:42,505 - NutriAI - INFO - Configuring Streamlit page for NutriAI app
2024-09-10 18:34:42,513 - NutriAI - INFO - Starting NutriAI application
2024-09-10 18:34:42,614 - NutriAI - INFO - Started Article page
2024-09-10 18:34:42,698 - NutriAI - INFO - Starting the process
2024-09-10 18:34:42,702 - NutriAI - INFO - Initializing NutriAI application
2024-09-10 18:34:42,704 - NutriAI - INFO - Configuring Streamlit page for NutriAI app
2024-09-10 18:34:42,707 - NutriAI - INFO - Starting NutriAI application
2024-09-10 18:34:42,799 - NutriAI - INFO - Started Article page
2024-09-10 18:35:52,009 - NutriAI - INFO - Starting the process
2024-09-10 18:35:52,023 - NutriAI - INFO - Initializing NutriAI application
2024-09-10 18:35:52,028 - NutriAI - INFO - Configuring Streamlit page for NutriAI app
2024-09-10 18:35:52,035 - NutriAI - INFO - Starting NutriAI application
2024-09-10 18:35:52,213 - NutriAI - INFO - Started Article page
2024-09-10 18:35:53,521 - NutriAI - INFO - Starting the process
2024-09-10 18:35:53,528 - NutriAI - INFO - Initializing NutriAI application
2024-09-10 18:35:53,534 - NutriAI - INFO - Configuring Streamlit page for NutriAI app
2024-09-10 18:35:53,540 - NutriAI - INFO - Starting NutriAI application
2024-09-10 18:35:53,632 - NutriAI - INFO - Started Article page
2024-09-10 18:35:56,421 - NutriAI - INFO - Starting the process
2024-09-10 18:35:56,427 - NutriAI - INFO - Initializing NutriAI application
2024-09-10 18:35:56,432 - NutriAI - INFO - Configuring Streamlit page for NutriAI app
2024-09-10 18:35:56,435 - NutriAI - INFO - Starting NutriAI application
2024-09-10 18:35:56,527 - NutriAI - INFO - Started Article page
2024-09-10 18:35:57,290 - NutriAI - INFO - Starting the process
2024-09-10 18:35:57,296 - NutriAI - INFO - Initializing NutriAI application
2024-09-10 18:35:57,301 - NutriAI - INFO - Configuring Streamlit page for NutriAI app
2024-09-10 18:35:57,308 - NutriAI - INFO - Starting NutriAI application
2024-09-10 18:35:57,399 - NutriAI - INFO - Started Article page
2024-09-10 18:36:02,288 - NutriAI - INFO - Starting the process
2024-09-10 18:36:02,295 - NutriAI - INFO - Initializing NutriAI application
2024-09-10 18:36:02,299 - NutriAI - INFO - Configuring Streamlit page for NutriAI app
2024-09-10 18:36:02,302 - NutriAI - INFO - Starting NutriAI application
2024-09-10 18:36:02,393 - NutriAI - INFO - Started Article page
2024-09-10 18:36:03,304 - NutriAI - INFO - Starting the process
2024-09-10 18:36:03,310 - NutriAI - INFO - Initializing NutriAI application
2024-09-10 18:36:03,314 - NutriAI - INFO - Configuring Streamlit page for NutriAI app
2024-09-10 18:36:03,319 - NutriAI - INFO - Starting NutriAI application
2024-09-10 18:36:03,409 - NutriAI - INFO - Started Article page
2024-09-10 18:36:05,909 - NutriAI - INFO - Starting the process
2024-09-10 18:36:05,917 - NutriAI - INFO - Initializing NutriAI application
2024-09-10 18:36:05,927 - NutriAI - INFO - Configuring Streamlit page for NutriAI app
2024-09-10 18:36:05,931 - NutriAI - INFO - Starting NutriAI application
2024-09-10 18:36:06,024 - NutriAI - INFO - Started Article page
2024-09-10 18:38:52,325 - NutriAI - INFO - Starting the process
2024-09-10 18:38:52,354 - NutriAI - INFO - Initializing NutriAI application
2024-09-10 18:38:52,386 - NutriAI - INFO - Configuring Streamlit page for NutriAI app
2024-09-10 18:38:52,413 - NutriAI - INFO - Starting NutriAI application
2024-09-10 18:38:52,710 - NutriAI - INFO - Started Home page
2024-09-10 18:38:55,010 - NutriAI - INFO - Starting the process
2024-09-10 18:38:55,036 - NutriAI - INFO - Initializing NutriAI application
2024-09-10 18:38:55,044 - NutriAI - INFO - Configuring Streamlit page for NutriAI app
2024-09-10 18:38:55,049 - NutriAI - INFO - Starting NutriAI application
2024-09-10 18:38:55,165 - NutriAI - INFO - Started Article page
2024-09-10 18:39:01,322 - NutriAI - INFO - Starting the process
2024-09-10 18:39:01,335 - NutriAI - INFO - Initializing NutriAI application
2024-09-10 18:39:01,338 - NutriAI - INFO - Configuring Streamlit page for NutriAI app
2024-09-10 18:39:01,341 - NutriAI - INFO - Starting NutriAI application
2024-09-10 18:39:01,444 - NutriAI - INFO - Started Article page
2024-09-10 18:39:12,971 - NutriAI - INFO - Starting the process
2024-09-10 18:39:12,987 - NutriAI - INFO - Initializing NutriAI application
2024-09-10 18:39:12,991 - NutriAI - INFO - Configuring Streamlit page for NutriAI app
2024-09-10 18:39:12,995 - NutriAI - INFO - Starting NutriAI application
2024-09-10 18:39:13,095 - NutriAI - INFO - Started Article page
2024-09-10 18:39:24,889 - NutriAI - INFO - Starting the process
2024-09-10 18:39:24,907 - NutriAI - INFO - Initializing NutriAI application
2024-09-10 18:39:24,911 - NutriAI - INFO - Configuring Streamlit page for NutriAI app
2024-09-10 18:39:24,914 - NutriAI - INFO - Starting NutriAI application
2024-09-10 18:39:25,011 - NutriAI - INFO - Started Article page
2024-09-10 18:39:30,921 - NutriAI - INFO - Starting the process
2024-09-10 18:39:30,926 - NutriAI - INFO - Initializing NutriAI application
2024-09-10 18:39:30,929 - NutriAI - INFO - Configuring Streamlit page for NutriAI app
2024-09-10 18:39:30,934 - NutriAI - INFO - Starting NutriAI application
2024-09-10 18:39:31,026 - NutriAI - INFO - Started Article page
2024-09-10 18:39:33,361 - NutriAI - INFO - Starting the process
2024-09-10 18:39:33,372 - NutriAI - INFO - Initializing NutriAI application
2024-09-10 18:39:33,379 - NutriAI - INFO - Configuring Streamlit page for NutriAI app
2024-09-10 18:39:33,386 - NutriAI - INFO - Starting NutriAI application
2024-09-10 18:39:33,479 - NutriAI - INFO - Started Article page
2024-09-10 18:39:53,840 - NutriAI - INFO - Starting the process
2024-09-10 18:39:53,991 - NutriAI - INFO - Initializing NutriAI application
2024-09-10 18:39:54,000 - NutriAI - INFO - Configuring Streamlit page for NutriAI app
2024-09-10 18:39:54,008 - NutriAI - INFO - Starting NutriAI application
2024-09-10 18:39:54,295 - NutriAI - INFO - Started Article page
2024-09-10 18:41:34,198 - NutriAI - INFO - Starting the process
2024-09-10 18:41:34,221 - NutriAI - INFO - Initializing NutriAI application
2024-09-10 18:41:34,223 - NutriAI - INFO - Configuring Streamlit page for NutriAI app
2024-09-10 18:41:34,228 - NutriAI - INFO - Starting NutriAI application
2024-09-10 18:41:34,377 - NutriAI - INFO - Started Article page
2024-09-10 18:41:35,855 - NutriAI - INFO - Starting the process
2024-09-10 18:41:35,861 - NutriAI - INFO - Initializing NutriAI application
2024-09-10 18:41:35,865 - NutriAI - INFO - Configuring Streamlit page for NutriAI app
2024-09-10 18:41:35,869 - NutriAI - INFO - Starting NutriAI application
2024-09-10 18:41:35,965 - NutriAI - INFO - Started Article page
2024-09-10 18:41:41,305 - NutriAI - INFO - Starting the process
2024-09-10 18:41:41,312 - NutriAI - INFO - Initializing NutriAI application
2024-09-10 18:41:41,316 - NutriAI - INFO - Configuring Streamlit page for NutriAI app
2024-09-10 18:41:41,320 - NutriAI - INFO - Starting NutriAI application
2024-09-10 18:41:41,412 - NutriAI - INFO - Started Article page
2024-09-10 18:41:48,371 - NutriAI - INFO - Starting the process
2024-09-10 18:41:48,387 - NutriAI - INFO - Initializing NutriAI application
2024-09-10 18:41:48,389 - NutriAI - INFO - Configuring Streamlit page for NutriAI app
2024-09-10 18:41:48,392 - NutriAI - INFO - Starting NutriAI application
2024-09-10 18:41:48,486 - NutriAI - INFO - Started Article page
2024-09-10 18:41:51,073 - NutriAI - INFO - Starting the process
2024-09-10 18:41:51,080 - NutriAI - INFO - Initializing NutriAI application
2024-09-10 18:41:51,085 - NutriAI - INFO - Configuring Streamlit page for NutriAI app
2024-09-10 18:41:51,089 - NutriAI - INFO - Starting NutriAI application
2024-09-10 18:41:51,203 - NutriAI - INFO - Started Article page
2024-09-10 18:41:54,372 - NutriAI - INFO - Starting the process
2024-09-10 18:41:54,378 - NutriAI - INFO - Initializing NutriAI application
2024-09-10 18:41:54,382 - NutriAI - INFO - Configuring Streamlit page for NutriAI app
2024-09-10 18:41:54,385 - NutriAI - INFO - Starting NutriAI application
2024-09-10 18:41:54,478 - NutriAI - INFO - Started Article page
2024-09-10 18:41:58,493 - NutriAI - INFO - Starting the process
2024-09-10 18:41:58,502 - NutriAI - INFO - Initializing NutriAI application
2024-09-10 18:41:58,507 - NutriAI - INFO - Configuring Streamlit page for NutriAI app
2024-09-10 18:41:58,510 - NutriAI - INFO - Starting NutriAI application
2024-09-10 18:41:58,599 - NutriAI - INFO - Started Home page
2024-09-10 18:42:04,089 - NutriAI - INFO - Starting the process
2024-09-10 18:42:04,095 - NutriAI - INFO - Initializing NutriAI application
2024-09-10 18:42:04,101 - NutriAI - INFO - Configuring Streamlit page for NutriAI app
2024-09-10 18:42:04,105 - NutriAI - INFO - Starting NutriAI application
2024-09-10 18:42:06,824 - NutriAI - INFO - Starting the process
2024-09-10 18:42:06,834 - NutriAI - INFO - Initializing NutriAI application
2024-09-10 18:42:06,839 - NutriAI - INFO - Configuring Streamlit page for NutriAI app
2024-09-10 18:42:06,844 - NutriAI - INFO - Starting NutriAI application
2024-09-10 18:42:15,094 - NutriAI - INFO - Starting the process
2024-09-10 18:42:15,110 - NutriAI - INFO - Initializing NutriAI application
2024-09-10 18:42:15,112 - NutriAI - INFO - Configuring Streamlit page for NutriAI app
2024-09-10 18:42:15,114 - NutriAI - INFO - Starting NutriAI application
2024-09-10 18:42:15,209 - NutriAI - INFO - NutriAI chatbot page started
2024-09-10 18:42:15,212 - NutriAI - INFO - Initializing NutriAIBot
2024-09-10 18:42:15,214 - NutriAI - INFO - Initializing Together AI handler
2024-09-10 18:42:17,290 - NutriAI - INFO - Starting the process
2024-09-10 18:42:17,296 - NutriAI - INFO - Initializing NutriAI application
2024-09-10 18:42:17,304 - NutriAI - INFO - Configuring Streamlit page for NutriAI app
2024-09-10 18:42:17,309 - NutriAI - INFO - Starting NutriAI application
2024-09-10 18:42:17,404 - NutriAI - INFO - Started About Us Page
2024-09-10 18:42:24,242 - NutriAI - INFO - Starting the process
2024-09-10 18:42:24,257 - NutriAI - INFO - Initializing NutriAI application
2024-09-10 18:42:24,260 - NutriAI - INFO - Configuring Streamlit page for NutriAI app
2024-09-10 18:42:24,262 - NutriAI - INFO - Starting NutriAI application
2024-09-10 18:42:24,471 - NutriAI - INFO - Starting the process
2024-09-10 18:42:24,478 - NutriAI - INFO - Initializing NutriAI application
2024-09-10 18:42:24,481 - NutriAI - INFO - Configuring Streamlit page for NutriAI app
2024-09-10 18:42:24,484 - NutriAI - INFO - Starting NutriAI application
